  clientes.cpp
  compras.cpp
C:\Users\HP14DQ0006LA\Desktop\Proyecto Final\proyecto_final\proyecto_final\compras.h(292,8): warning C4101: 'rpt': variable local sin referencia
  ConexionBD.cpp
  detalle_compras.cpp
C:\Users\HP14DQ0006LA\Desktop\Proyecto Final\proyecto_final\proyecto_final\compras.h(292,8): warning C4101: 'rpt': variable local sin referencia
  empleados.cpp
  marcas.cpp
  persona.cpp
  productos.cpp
  proveedores.cpp
  proyecto_final.cpp
C:\Users\HP14DQ0006LA\Desktop\Proyecto Final\proyecto_final\proyecto_final\compras.h(292,8): warning C4101: 'rpt': variable local sin referencia
C:\Users\HP14DQ0006LA\Desktop\Proyecto Final\proyecto_final\proyecto_final\ventas.h(434,8): warning C4101: 'rpt': variable local sin referencia
C:\Users\HP14DQ0006LA\Desktop\Proyecto Final\proyecto_final\proyecto_final\ventas.h(472,8): warning C4101: 'rpt': variable local sin referencia
C:\Users\HP14DQ0006LA\Desktop\Proyecto Final\proyecto_final\proyecto_final\fechaactual.h(9,1): warning C4005: '_CRT_SECURE_NO_WARNINGS': redefinición de macro
C:\Users\HP14DQ0006LA\Desktop\Proyecto Final\proyecto_final\proyecto_final\proyecto_final.cpp : message : vea la definición anterior de '_CRT_SECURE_NO_WARNINGS'
C:\Users\HP14DQ0006LA\Desktop\Proyecto Final\proyecto_final\proyecto_final\proyecto_final.cpp(211,12): warning C4129: 'F': secuencia de escape de carácter no reconocida
C:\Users\HP14DQ0006LA\Desktop\Proyecto Final\proyecto_final\proyecto_final\proyecto_final.cpp(215,12): warning C4129: 'P': secuencia de escape de carácter no reconocida
C:\Users\HP14DQ0006LA\Desktop\Proyecto Final\proyecto_final\proyecto_final\proyecto_final.cpp(326,12): warning C4129: 'F': secuencia de escape de carácter no reconocida
C:\Users\HP14DQ0006LA\Desktop\Proyecto Final\proyecto_final\proyecto_final\proyecto_final.cpp(330,12): warning C4129: 'P': secuencia de escape de carácter no reconocida
C:\Users\HP14DQ0006LA\Desktop\Proyecto Final\proyecto_final\proyecto_final\proyecto_final.cpp(555,12): warning C4129: 'F': secuencia de escape de carácter no reconocida
C:\Users\HP14DQ0006LA\Desktop\Proyecto Final\proyecto_final\proyecto_final\proyecto_final.cpp(559,12): warning C4129: 'P': secuencia de escape de carácter no reconocida
C:\Users\HP14DQ0006LA\Desktop\Proyecto Final\proyecto_final\proyecto_final\proyecto_final.cpp(696,12): warning C4129: 'F': secuencia de escape de carácter no reconocida
C:\Users\HP14DQ0006LA\Desktop\Proyecto Final\proyecto_final\proyecto_final\proyecto_final.cpp(700,12): warning C4129: 'F': secuencia de escape de carácter no reconocida
C:\Users\HP14DQ0006LA\Desktop\Proyecto Final\proyecto_final\proyecto_final\proyecto_final.cpp(851,12): warning C4129: 'S': secuencia de escape de carácter no reconocida
C:\Users\HP14DQ0006LA\Desktop\Proyecto Final\proyecto_final\proyecto_final\proyecto_final.cpp(853,12): warning C4129: 'P': secuencia de escape de carácter no reconocida
C:\Users\HP14DQ0006LA\Desktop\Proyecto Final\proyecto_final\proyecto_final\proyecto_final.cpp(1042,13): warning C4129: 'F': secuencia de escape de carácter no reconocida
C:\Users\HP14DQ0006LA\Desktop\Proyecto Final\proyecto_final\proyecto_final\proyecto_final.cpp(1059,12): warning C4129: 'F': secuencia de escape de carácter no reconocida
C:\Users\HP14DQ0006LA\Desktop\Proyecto Final\proyecto_final\proyecto_final\proyecto_final.cpp(1063,12): warning C4129: 'F': secuencia de escape de carácter no reconocida
C:\Users\HP14DQ0006LA\Desktop\Proyecto Final\proyecto_final\proyecto_final\proyecto_final.cpp(1214,12): warning C4129: 'S': secuencia de escape de carácter no reconocida
C:\Users\HP14DQ0006LA\Desktop\Proyecto Final\proyecto_final\proyecto_final\proyecto_final.cpp(1216,12): warning C4129: 'P': secuencia de escape de carácter no reconocida
C:\Users\HP14DQ0006LA\Desktop\Proyecto Final\proyecto_final\proyecto_final\proyecto_final.cpp(85,117): warning C4101: 'no_orden_compra': variable local sin referencia
  puestos.cpp
  ventas.cpp
C:\Users\HP14DQ0006LA\Desktop\Proyecto Final\proyecto_final\proyecto_final\ventas.h(434,8): warning C4101: 'rpt': variable local sin referencia
C:\Users\HP14DQ0006LA\Desktop\Proyecto Final\proyecto_final\proyecto_final\ventas.h(472,8): warning C4101: 'rpt': variable local sin referencia
  ventas_detalle.cpp
C:\Users\HP14DQ0006LA\Desktop\Proyecto Final\proyecto_final\proyecto_final\ventas.h(434,8): warning C4101: 'rpt': variable local sin referencia
C:\Users\HP14DQ0006LA\Desktop\Proyecto Final\proyecto_final\proyecto_final\ventas.h(472,8): warning C4101: 'rpt': variable local sin referencia
  Generando código
  392 of 401 functions (97.8%) were compiled, the rest were copied from previous compilation.
    0 functions were new in current compilation
    2 functions had inline decision re-evaluated but remain unchanged
  Generación de código finalizada
LINK : fatal error LNK1104: no se puede abrir el archivo 'x64\Release\proyecto_final.iobj'
